<?xml version="1.0" encoding="UTF-8"?>
<testng-results ignored="0" total="1" passed="1" failed="0" skipped="0">
  <reporter-output>
  </reporter-output>
  <suite started-at="2024-03-01T09:01:29 IST" name="Default suite" finished-at="2024-03-01T09:01:40 IST" duration-ms="11298">
    <groups>
    </groups>
    <test started-at="2024-03-01T09:01:29 IST" name="Default test" finished-at="2024-03-01T09:01:40 IST" duration-ms="11298">
      <class name="Maven_Project.TestNG_Practice.Personal_Information">
        <test-method is-config="true" signature="beforeClass()[pri:0, instance:Maven_Project.TestNG_Practice.Personal_Information@44c03695]" started-at="2024-03-01T09:01:29 IST" name="beforeClass" finished-at="2024-03-01T09:01:40 IST" duration-ms="11215" status="PASS">
          <reporter-output>
          </reporter-output>
        </test-method> <!-- beforeClass -->
        <test-method signature="f()[pri:0, instance:Maven_Project.TestNG_Practice.Personal_Information@44c03695]" started-at="2024-03-01T09:01:40 IST" name="f" finished-at="2024-03-01T09:01:40 IST" duration-ms="8" status="PASS">
          <reporter-output>
          </reporter-output>
        </test-method> <!-- f -->
        <test-method is-config="true" signature="afterClass()[pri:0, instance:Maven_Project.TestNG_Practice.Personal_Information@44c03695]" started-at="2024-03-01T09:01:40 IST" name="afterClass" finished-at="2024-03-01T09:01:40 IST" duration-ms="0" status="PASS">
          <reporter-output>
          </reporter-output>
        </test-method> <!-- afterClass -->
      </class> <!-- Maven_Project.TestNG_Practice.Personal_Information -->
    </test> <!-- Default test -->
  </suite> <!-- Default suite -->
</testng-results>
